<?xml version="1.0" encoding="UTF-8"?>
<!-- Generated by org.testng.reporters.JUnitReportReporter -->
<testsuite hostname="AtifR-LAP" failures="0" tests="2" name="org.example.cricbuzz.tests.CheckStats" time="30.893" errors="0" timestamp="2023-10-25T16:29:49 IST" skipped="0">
  <testcase classname="org.example.cricbuzz.tests.CheckStats" name="testForMostRuns" time="11.153"/>
  <testcase classname="org.example.cricbuzz.tests.CheckStats" name="testForMostSixes" time="19.740"/>
</testsuite> <!-- org.example.cricbuzz.tests.CheckStats -->
