<?xml version="1.0" encoding="UTF-8"?>
<!-- Generated by org.testng.reporters.JUnitReportReporter -->
<testsuite hostname="AtifR-LAP" failures="0" tests="1" name="org.example.cricbuzz.tests.CheckBrokenLinks" time="38.588" errors="0" timestamp="2023-11-03T17:30:27 IST" skipped="0">
  <testcase classname="org.example.cricbuzz.tests.CheckBrokenLinks" name="test1" time="38.588"/>
</testsuite> <!-- org.example.cricbuzz.tests.CheckBrokenLinks -->
