<?xml version="1.0" encoding="UTF-8"?>
<!-- Generated by org.testng.reporters.JUnitReportReporter -->
<testsuite hostname="AtifR-LAP" failures="0" tests="1" name="org.example.cricbuzz.tests.CheckRankings" time="7.793" errors="0" timestamp="2023-11-03T17:30:27 IST" skipped="0">
  <testcase classname="org.example.cricbuzz.tests.CheckRankings" name="rankingTest" time="7.793"/>
</testsuite> <!-- org.example.cricbuzz.tests.CheckRankings -->
