<?xml version="1.0" encoding="UTF-8"?>
<!-- Generated by org.testng.reporters.JUnitReportReporter -->
<testsuite hostname="AtifR-LAP" failures="0" tests="2" name="org.example.cricbuzz.tests.CheckBrokenLinks" time="79.176" errors="0" timestamp="2023-11-08T18:24:04 IST" skipped="0">
  <testcase classname="org.example.cricbuzz.tests.CheckBrokenLinks" name="test1" time="48.177"/>
  <testcase classname="org.example.cricbuzz.tests.CheckBrokenLinks" name="test1" time="30.999"/>
</testsuite> <!-- org.example.cricbuzz.tests.CheckBrokenLinks -->
