<?xml version="1.0" encoding="UTF-8"?>
<!-- Generated by org.testng.reporters.JUnitReportReporter -->
<testsuite hostname="AtifR-LAP" failures="0" tests="2" name="org.example.cricbuzz.tests.CheckRankings" time="14.893" errors="0" timestamp="2023-11-03T11:39:46 IST" skipped="0">
  <testcase classname="org.example.cricbuzz.tests.CheckRankings" name="rankingTest" time="7.028"/>
  <testcase classname="org.example.cricbuzz.tests.CheckRankings" name="rankingTest" time="7.865"/>
</testsuite> <!-- org.example.cricbuzz.tests.CheckRankings -->
