<?xml version="1.0" encoding="UTF-8"?>
<!-- Generated by org.testng.reporters.JUnitReportReporter -->
<testsuite hostname="AtifR-LAP" failures="0" tests="4" name="org.example.cricbuzz.tests.CheckStats" time="58.240" errors="0" timestamp="2023-11-08T18:24:04 IST" skipped="0">
  <testcase classname="org.example.cricbuzz.tests.CheckStats" name="testForMostSixes" time="14.762"/>
  <testcase classname="org.example.cricbuzz.tests.CheckStats" name="testForMostRuns" time="16.272"/>
  <testcase classname="org.example.cricbuzz.tests.CheckStats" name="testForMostSixes" time="15.283"/>
  <testcase classname="org.example.cricbuzz.tests.CheckStats" name="testForMostRuns" time="11.923"/>
</testsuite> <!-- org.example.cricbuzz.tests.CheckStats -->
