<?xml version="1.0" encoding="UTF-8"?>
<!-- Generated by org.testng.reporters.JUnitReportReporter -->
<testsuite hostname="AtifR-LAP" failures="0" tests="2" name="org.example.cricbuzz.tests.Demo" time="22.146" errors="0" timestamp="2023-11-03T11:39:46 IST" skipped="0">
  <testcase classname="org.example.cricbuzz.tests.Demo" name="test1" time="11.761"/>
  <testcase classname="org.example.cricbuzz.tests.Demo" name="test1" time="10.385"/>
</testsuite> <!-- org.example.cricbuzz.tests.Demo -->
