<?xml version="1.0" encoding="UTF-8"?>
<!-- Generated by org.testng.reporters.JUnitReportReporter -->
<testsuite hostname="AtifR-LAP" failures="0" tests="4" name="org.example.cricbuzz.tests.CheckStats" time="52.845" errors="0" timestamp="2023-11-03T11:39:46 IST" skipped="0">
  <testcase classname="org.example.cricbuzz.tests.CheckStats" name="testForMostRuns" time="10.819"/>
  <testcase classname="org.example.cricbuzz.tests.CheckStats" name="testForMostRuns" time="11.192"/>
  <testcase classname="org.example.cricbuzz.tests.CheckStats" name="testForMostSixes" time="15.073"/>
  <testcase classname="org.example.cricbuzz.tests.CheckStats" name="testForMostSixes" time="15.761"/>
</testsuite> <!-- org.example.cricbuzz.tests.CheckStats -->
